d:\zenithenginerewrite\zenith\vendor\yaml-cpp\bin-int\debug-windows-x86_64\yaml-cpp\graphbuilder.obj
d:\zenithenginerewrite\zenith\vendor\yaml-cpp\bin-int\debug-windows-x86_64\yaml-cpp\parse.obj
d:\zenithenginerewrite\zenith\vendor\yaml-cpp\bin-int\debug-windows-x86_64\yaml-cpp\emit.obj
d:\zenithenginerewrite\zenith\vendor\yaml-cpp\bin-int\debug-windows-x86_64\yaml-cpp\singledocparser.obj
d:\zenithenginerewrite\zenith\vendor\yaml-cpp\bin-int\debug-windows-x86_64\yaml-cpp\memory.obj
d:\zenithenginerewrite\zenith\vendor\yaml-cpp\bin-int\debug-windows-x86_64\yaml-cpp\regex_yaml.obj
d:\zenithenginerewrite\zenith\vendor\yaml-cpp\bin-int\debug-windows-x86_64\yaml-cpp\depthguard.obj
d:\zenithenginerewrite\zenith\vendor\yaml-cpp\bin-int\debug-windows-x86_64\yaml-cpp\scanner.obj
d:\zenithenginerewrite\zenith\vendor\yaml-cpp\bin-int\debug-windows-x86_64\yaml-cpp\emitterutils.obj
d:\zenithenginerewrite\zenith\vendor\yaml-cpp\bin-int\debug-windows-x86_64\yaml-cpp\stream.obj
d:\zenithenginerewrite\zenith\vendor\yaml-cpp\bin-int\debug-windows-x86_64\yaml-cpp\emitfromevents.obj
d:\zenithenginerewrite\zenith\vendor\yaml-cpp\bin-int\debug-windows-x86_64\yaml-cpp\scantag.obj
d:\zenithenginerewrite\zenith\vendor\yaml-cpp\bin-int\debug-windows-x86_64\yaml-cpp\graphbuilderadapter.obj
d:\zenithenginerewrite\zenith\vendor\yaml-cpp\bin-int\debug-windows-x86_64\yaml-cpp\null.obj
d:\zenithenginerewrite\zenith\vendor\yaml-cpp\bin-int\debug-windows-x86_64\yaml-cpp\directives.obj
d:\zenithenginerewrite\zenith\vendor\yaml-cpp\bin-int\debug-windows-x86_64\yaml-cpp\nodeevents.obj
d:\zenithenginerewrite\zenith\vendor\yaml-cpp\bin-int\debug-windows-x86_64\yaml-cpp\binary.obj
d:\zenithenginerewrite\zenith\vendor\yaml-cpp\bin-int\debug-windows-x86_64\yaml-cpp\ostream_wrapper.obj
d:\zenithenginerewrite\zenith\vendor\yaml-cpp\bin-int\debug-windows-x86_64\yaml-cpp\exceptions.obj
d:\zenithenginerewrite\zenith\vendor\yaml-cpp\bin-int\debug-windows-x86_64\yaml-cpp\parser.obj
d:\zenithenginerewrite\zenith\vendor\yaml-cpp\bin-int\debug-windows-x86_64\yaml-cpp\exp.obj
d:\zenithenginerewrite\zenith\vendor\yaml-cpp\bin-int\debug-windows-x86_64\yaml-cpp\scantoken.obj
d:\zenithenginerewrite\zenith\vendor\yaml-cpp\bin-int\debug-windows-x86_64\yaml-cpp\node.obj
d:\zenithenginerewrite\zenith\vendor\yaml-cpp\bin-int\debug-windows-x86_64\yaml-cpp\nodebuilder.obj
d:\zenithenginerewrite\zenith\vendor\yaml-cpp\bin-int\debug-windows-x86_64\yaml-cpp\convert.obj
d:\zenithenginerewrite\zenith\vendor\yaml-cpp\bin-int\debug-windows-x86_64\yaml-cpp\node_data.obj
d:\zenithenginerewrite\zenith\vendor\yaml-cpp\bin-int\debug-windows-x86_64\yaml-cpp\tag.obj
d:\zenithenginerewrite\zenith\vendor\yaml-cpp\bin-int\debug-windows-x86_64\yaml-cpp\emitterstate.obj
d:\zenithenginerewrite\zenith\vendor\yaml-cpp\bin-int\debug-windows-x86_64\yaml-cpp\scanscalar.obj
d:\zenithenginerewrite\zenith\vendor\yaml-cpp\bin-int\debug-windows-x86_64\yaml-cpp\emitter.obj
d:\zenithenginerewrite\zenith\vendor\yaml-cpp\bin-int\debug-windows-x86_64\yaml-cpp\simplekey.obj
d:\zenithenginerewrite\zenith\vendor\yaml-cpp\bin-int\debug-windows-x86_64\yaml-cpp\yaml-cpp.pdb
d:\zenithenginerewrite\zenith\vendor\yaml-cpp\bin\debug-windows-x86_64\yaml-cpp\yaml-cpp.lib
d:\zenithenginerewrite\zenith\vendor\yaml-cpp\bin-int\debug-windows-x86_64\yaml-cpp\yaml-cpp.idb
d:\zenithenginerewrite\zenith\vendor\yaml-cpp\bin-int\debug-windows-x86_64\yaml-cpp\yaml-cpp.tlog\cl.11100.write.1.tlog
d:\zenithenginerewrite\zenith\vendor\yaml-cpp\bin-int\debug-windows-x86_64\yaml-cpp\yaml-cpp.tlog\cl.command.1.tlog
d:\zenithenginerewrite\zenith\vendor\yaml-cpp\bin-int\debug-windows-x86_64\yaml-cpp\yaml-cpp.tlog\cl.read.1.tlog
d:\zenithenginerewrite\zenith\vendor\yaml-cpp\bin-int\debug-windows-x86_64\yaml-cpp\yaml-cpp.tlog\lib-link.read.1.tlog
d:\zenithenginerewrite\zenith\vendor\yaml-cpp\bin-int\debug-windows-x86_64\yaml-cpp\yaml-cpp.tlog\lib-link.write.1.tlog
d:\zenithenginerewrite\zenith\vendor\yaml-cpp\bin-int\debug-windows-x86_64\yaml-cpp\yaml-cpp.tlog\lib.command.1.tlog
